Skill:    palette-maker
Prompt 1: "Create a complementary palette from #FF5733"
Prompt 2: "Generate a triadic color scheme based on #3498DB with 7 colors"
Device:   2A241FDH30069Z

==========================================
Recording: palette-maker
==========================================
[1/5] Checking device... OK
[2/5] Setting up... Skill not installed, importing... Imported 'palette-maker'
Enabled 'palette-maker'
OK

[3/5] Starting video recording...
Screen recording started (PID 41711)

[4/5] Example 1: "Create a complementary palette from #FF5733"... PASS

[5/5] Example 2: "Generate a triadic color scheme based on #3498DB with 7 colors"... PASS

Video saved: recording/palette-maker/recording.mp4

==========================================
SUMMARY: palette-maker
==========================================
Example 1: PASS
Example 2: PASS
Video:     recording/palette-maker/recording.mp4

RECORDING COMPLETE
