Skill:    story-spark
Prompt 1: "Give me fun facts for today"
Prompt 2: "What happened on March 22?"
Device:   2A241FDH30069Z

==========================================
Recording: story-spark
==========================================
[1/5] Checking device... OK
[2/5] Setting up... Skill not installed, importing... Imported 'story-spark'
Enabled 'story-spark'
OK

[3/5] Starting video recording...
Screen recording started (PID 58302)

[4/5] Example 1: "Give me fun facts for today"... FAIL (timeout)

[5/5] Example 2: "What happened on March 22?"... PASS

Video saved: recording/story-spark/recording.mp4

==========================================
SUMMARY: story-spark
==========================================
Example 1: FAIL
Example 2: PASS
Video:     recording/story-spark/recording.mp4

RECORDING INCOMPLETE - Some examples failed
