Skill:    text-summarizer
Prompt 1: "Summarize this article"
Prompt 2: "Give me a 3-sentence summary of this text"
Device:   2A241FDH30069Z

==========================================
Recording: text-summarizer
==========================================
[1/5] Checking device... OK
[2/5] Setting up... Skill not installed, importing... Imported 'text-summarizer'
Enabled 'text-summarizer'
OK

[3/5] Starting video recording...
Screen recording started (PID 60572)

[4/5] Example 1: "Summarize this article"... FAIL (timeout)

[5/5] Example 2: "Give me a 3-sentence summary of this text"... FAIL (timeout)

Video saved: recording/text-summarizer/recording.mp4

==========================================
SUMMARY: text-summarizer
==========================================
Example 1: FAIL
Example 2: FAIL
Video:     recording/text-summarizer/recording.mp4

RECORDING INCOMPLETE - Some examples failed
